2025-06-18 14:41:27.822 Conectado al servidor 192.168.0.10:12345
2025-06-18 14:41:27.828 Clave pública recibida: 450 bytes
2025-06-18 14:41:27.870 Session key generada: 90c27cf79cc4219f28271043205c92af, ciphertext: 256 bytes
2025-06-18 14:41:27.871 Sesion key 90c27cf79cc4219f28271043205c92af
2025-06-18 14:41:27.871 Enviando: kiritoro 0
2025-06-18 14:41:28.197 Recibido del servidor: kiritoro 1
2025-06-18 14:41:29.198 Enviando: kiritoro 2
2025-06-18 14:41:29.201 Recibido del servidor: kiritoro 3
2025-06-18 14:41:30.202 Enviando: kiritoro 4
2025-06-18 14:41:30.206 Recibido del servidor: kiritoro 5
2025-06-18 14:41:31.207 Enviando: kiritoro 6
2025-06-18 14:41:31.210 Recibido del servidor: kiritoro 7
2025-06-18 14:41:32.211 Enviando: kiritoro 8
2025-06-18 14:41:32.214 Recibido del servidor: kiritoro 9
2025-06-18 14:41:33.215 Enviando: kiritoro 10
2025-06-18 14:41:33.218 Recibido del servidor: kiritoro 11
2025-06-18 14:41:34.218 Enviando: kiritoro 12
2025-06-18 14:41:34.222 Recibido del servidor: kiritoro 13
2025-06-18 14:41:35.223 Enviando: kiritoro 14
2025-06-18 14:41:35.225 Recibido del servidor: kiritoro 15
2025-06-18 14:41:36.226 Enviando: kiritoro 16
2025-06-18 14:41:36.229 Recibido del servidor: kiritoro 17
2025-06-18 14:41:37.229 Enviando: kiritoro 18
2025-06-18 14:41:37.232 Recibido del servidor: kiritoro 19
2025-06-18 14:41:37.233 Cliente finalizó el envío de paquetes.
2025-06-18 14:43:22.682 Conectado al servidor 192.168.0.10:12345
2025-06-18 14:43:22.684 Clave pública recibida: 450 bytes
2025-06-18 14:43:22.723 Session key generada: 127c64d2c5ff83b00b0ee830a42c9c65, ciphertext: 256 bytes
2025-06-18 14:43:22.724 Sesion key 127c64d2c5ff83b00b0ee830a42c9c65
2025-06-18 14:43:22.724 Enviando: kiritoro 0
2025-06-18 14:43:22.985 Recibido del servidor: kiritoro 1
2025-06-18 14:43:23.986 Enviando: kiritoro 2
2025-06-18 14:43:23.990 Recibido del servidor: kiritoro 3
2025-06-18 14:43:24.991 Enviando: kiritoro 4
2025-06-18 14:43:24.994 Recibido del servidor: kiritoro 5
2025-06-18 14:43:25.995 Enviando: kiritoro 6
2025-06-18 14:43:25.998 Recibido del servidor: kiritoro 7
2025-06-18 14:43:26.999 Enviando: kiritoro 8
2025-06-18 14:43:27.002 Recibido del servidor: kiritoro 9
2025-06-18 14:43:28.002 Enviando: kiritoro 10
2025-06-18 14:43:28.010 Recibido del servidor: kiritoro 11
2025-06-18 14:43:29.012 Enviando: kiritoro 12
2025-06-18 14:43:29.015 Recibido del servidor: kiritoro 13
2025-06-18 14:43:30.015 Enviando: kiritoro 14
2025-06-18 14:43:30.018 Recibido del servidor: kiritoro 15
2025-06-18 14:43:31.019 Enviando: kiritoro 16
2025-06-18 14:43:31.022 Recibido del servidor: kiritoro 17
2025-06-18 14:43:32.023 Enviando: kiritoro 18
2025-06-18 14:43:32.025 Recibido del servidor: kiritoro 19
2025-06-18 14:43:32.026 Cliente finalizó el envío de paquetes.
